<?xml version="1.0" encoding="UTF-8"?>
<testng-results skipped="0" failed="0" total="1" passed="1">
  <reporter-output>
  </reporter-output>
  <suite name="Surefire suite" duration-ms="39" started-at="2018-11-26T13:58:18Z" finished-at="2018-11-26T13:58:18Z">
    <groups>
    </groups>
    <test name="Surefire test" duration-ms="39" started-at="2018-11-26T13:58:18Z" finished-at="2018-11-26T13:58:18Z">
      <class name="com.devops.devopsproject.devopsProject.AppTest">
        <test-method status="PASS" signature="shouldAnswerWithTrue()[pri:0, instance:com.devops.devopsproject.devopsProject.AppTest@2d554825]" name="shouldAnswerWithTrue" duration-ms="8" started-at="2018-11-26T19:28:18Z" finished-at="2018-11-26T19:28:18Z">
          <reporter-output>
          </reporter-output>
        </test-method> <!-- shouldAnswerWithTrue -->
      </class> <!-- com.devops.devopsproject.devopsProject.AppTest -->
    </test> <!-- Surefire test -->
  </suite> <!-- Surefire suite -->
</testng-results>
